{"C:/Users/sueho/Documents/COMP4/frontend/src/App.tsx": {"path":"C:/Users/sueho/Documents/COMP4/frontend/src/App.tsx","statementMap":{"0":{"start":{"line":9,"column":30},"end":{"line":9,"column":null}},"1":{"start":{"line":11,"column":2},"end":{"line":31,"column":null}}},"fnMap":{"0":{"name":"App","decl":{"start":{"line":8,"column":9},"end":{"line":8,"column":15}},"loc":{"start":{"line":8,"column":15},"end":{"line":33,"column":null}}}},"branchMap":{"0":{"loc":{"start":{"line":23,"column":13},"end":{"line":26,"column":null}},"type":"binary-expr","locations":[{"start":{"line":23,"column":13},"end":{"line":23,"column":null}},{"start":{"line":24,"column":14},"end":{"line":26,"column":null}}]}},"s":{"0":0,"1":0},"f":{"0":0},"b":{"0":[0,0]}}
,"C:/Users/sueho/Documents/COMP4/frontend/src/api/client.ts": {"path":"C:/Users/sueho/Documents/COMP4/frontend/src/api/client.ts","statementMap":{"0":{"start":{"line":4,"column":22},"end":{"line":9,"column":null}},"1":{"start":{"line":11,"column":27},"end":{"line":18,"column":null}},"2":{"start":{"line":35,"column":37},"end":{"line":38,"column":null}},"3":{"start":{"line":36,"column":19},"end":{"line":36,"column":null}},"4":{"start":{"line":37,"column":2},"end":{"line":37,"column":null}}},"fnMap":{"0":{"name":"(anonymous_0)","decl":{"start":{"line":35,"column":37},"end":{"line":35,"column":44}},"loc":{"start":{"line":35,"column":87},"end":{"line":38,"column":null}}}},"branchMap":{},"s":{"0":0,"1":0,"2":0,"3":0,"4":0},"f":{"0":0},"b":{}}
,"C:/Users/sueho/Documents/COMP4/frontend/src/components/CompForm.tsx": {"path":"C:/Users/sueho/Documents/COMP4/frontend/src/components/CompForm.tsx","statementMap":{"0":{"start":{"line":8,"column":15},"end":{"line":15,"column":null}},"1":{"start":{"line":12,"column":13},"end":{"line":12,"column":null}},"2":{"start":{"line":23,"column":24},"end":{"line":169,"column":null}},"3":{"start":{"line":24,"column":38},"end":{"line":24,"column":null}},"4":{"start":{"line":25,"column":32},"end":{"line":25,"column":null}},"5":{"start":{"line":26,"column":30},"end":{"line":29,"column":null}},"6":{"start":{"line":31,"column":43},"end":{"line":31,"column":null}},"7":{"start":{"line":33,"column":23},"end":{"line":71,"column":null}},"8":{"start":{"line":34,"column":4},"end":{"line":34,"column":null}},"9":{"start":{"line":37,"column":30},"end":{"line":50,"column":null}},"10":{"start":{"line":42,"column":31},"end":{"line":42,"column":null}},"11":{"start":{"line":44,"column":10},"end":{"line":46,"column":null}},"12":{"start":{"line":45,"column":12},"end":{"line":45,"column":null}},"13":{"start":{"line":47,"column":10},"end":{"line":47,"column":null}},"14":{"start":{"line":52,"column":4},"end":{"line":70,"column":null}},"15":{"start":{"line":53,"column":6},"end":{"line":53,"column":null}},"16":{"start":{"line":54,"column":6},"end":{"line":61,"column":null}},"17":{"start":{"line":55,"column":31},"end":{"line":55,"column":null}},"18":{"start":{"line":58,"column":10},"end":{"line":58,"column":null}},"19":{"start":{"line":59,"column":10},"end":{"line":59,"column":null}},"20":{"start":{"line":64,"column":6},"end":{"line":64,"column":null}},"21":{"start":{"line":65,"column":6},"end":{"line":65,"column":null}},"22":{"start":{"line":66,"column":6},"end":{"line":69,"column":null}},"23":{"start":{"line":68,"column":8},"end":{"line":68,"column":null}},"24":{"start":{"line":73,"column":19},"end":{"line":75,"column":null}},"25":{"start":{"line":74,"column":4},"end":{"line":74,"column":null}},"26":{"start":{"line":77,"column":22},"end":{"line":79,"column":null}},"27":{"start":{"line":78,"column":4},"end":{"line":78,"column":null}},"28":{"start":{"line":78,"column":38},"end":{"line":78,"column":49}},"29":{"start":{"line":81,"column":22},"end":{"line":92,"column":null}},"30":{"start":{"line":86,"column":22},"end":{"line":86,"column":null}},"31":{"start":{"line":87,"column":4},"end":{"line":90,"column":null}},"32":{"start":{"line":91,"column":4},"end":{"line":91,"column":null}},"33":{"start":{"line":94,"column":2},"end":{"line":167,"column":null}},"34":{"start":{"line":102,"column":27},"end":{"line":102,"column":null}},"35":{"start":{"line":115,"column":27},"end":{"line":115,"column":null}},"36":{"start":{"line":124,"column":10},"end":{"line":149,"column":null}},"37":{"start":{"line":128,"column":31},"end":{"line":128,"column":null}},"38":{"start":{"line":136,"column":31},"end":{"line":136,"column":null}},"39":{"start":{"line":144,"column":29},"end":{"line":144,"column":null}}},"fnMap":{"0":{"name":"(anonymous_0)","decl":{"start":{"line":12,"column":4},"end":{"line":12,"column":5}},"loc":{"start":{"line":12,"column":13},"end":{"line":12,"column":null}}},"1":{"name":"(anonymous_1)","decl":{"start":{"line":23,"column":24},"end":{"line":23,"column":25}},"loc":{"start":{"line":23,"column":49},"end":{"line":169,"column":null}}},"2":{"name":"(anonymous_2)","decl":{"start":{"line":33,"column":23},"end":{"line":33,"column":24}},"loc":{"start":{"line":33,"column":47},"end":{"line":71,"column":null}}},"3":{"name":"(anonymous_3)","decl":{"start":{"line":41,"column":19},"end":{"line":41,"column":20}},"loc":{"start":{"line":41,"column":42},"end":{"line":48,"column":9}}},"4":{"name":"(anonymous_4)","decl":{"start":{"line":55,"column":19},"end":{"line":55,"column":20}},"loc":{"start":{"line":55,"column":31},"end":{"line":55,"column":null}}},"5":{"name":"(anonymous_5)","decl":{"start":{"line":56,"column":17},"end":{"line":56,"column":18}},"loc":{"start":{"line":56,"column":28},"end":{"line":60,"column":null}}},"6":{"name":"(anonymous_6)","decl":{"start":{"line":73,"column":19},"end":{"line":73,"column":25}},"loc":{"start":{"line":73,"column":25},"end":{"line":75,"column":null}}},"7":{"name":"(anonymous_7)","decl":{"start":{"line":77,"column":22},"end":{"line":77,"column":23}},"loc":{"start":{"line":77,"column":41},"end":{"line":79,"column":null}}},"8":{"name":"(anonymous_8)","decl":{"start":{"line":78,"column":28},"end":{"line":78,"column":29}},"loc":{"start":{"line":78,"column":38},"end":{"line":78,"column":49}}},"9":{"name":"(anonymous_9)","decl":{"start":{"line":81,"column":22},"end":{"line":81,"column":null}},"loc":{"start":{"line":85,"column":7},"end":{"line":92,"column":null}}},"10":{"name":"(anonymous_10)","decl":{"start":{"line":102,"column":20},"end":{"line":102,"column":21}},"loc":{"start":{"line":102,"column":27},"end":{"line":102,"column":null}}},"11":{"name":"(anonymous_11)","decl":{"start":{"line":115,"column":20},"end":{"line":115,"column":21}},"loc":{"start":{"line":115,"column":27},"end":{"line":115,"column":null}}},"12":{"name":"(anonymous_12)","decl":{"start":{"line":123,"column":20},"end":{"line":123,"column":21}},"loc":{"start":{"line":124,"column":10},"end":{"line":149,"column":null}}},"13":{"name":"(anonymous_13)","decl":{"start":{"line":128,"column":24},"end":{"line":128,"column":25}},"loc":{"start":{"line":128,"column":31},"end":{"line":128,"column":null}}},"14":{"name":"(anonymous_14)","decl":{"start":{"line":136,"column":24},"end":{"line":136,"column":25}},"loc":{"start":{"line":136,"column":31},"end":{"line":136,"column":null}}},"15":{"name":"(anonymous_15)","decl":{"start":{"line":144,"column":23},"end":{"line":144,"column":29}},"loc":{"start":{"line":144,"column":29},"end":{"line":144,"column":null}}}},"branchMap":{"0":{"loc":{"start":{"line":12,"column":13},"end":{"line":12,"column":null}},"type":"cond-expr","locations":[{"start":{"line":12,"column":39},"end":{"line":12,"column":45}},{"start":{"line":12,"column":45},"end":{"line":12,"column":null}}]},"1":{"loc":{"start":{"line":44,"column":10},"end":{"line":46,"column":null}},"type":"if","locations":[{"start":{"line":44,"column":10},"end":{"line":46,"column":null}},{"start":{"line":44,"column":10},"end":{"line":46,"column":null}}]},"2":{"loc":{"start":{"line":66,"column":6},"end":{"line":69,"column":null}},"type":"if","locations":[{"start":{"line":66,"column":6},"end":{"line":69,"column":null}},{"start":{"line":66,"column":6},"end":{"line":69,"column":null}}]},"3":{"loc":{"start":{"line":89,"column":15},"end":{"line":89,"column":null}},"type":"cond-expr","locations":[{"start":{"line":89,"column":35},"end":{"line":89,"column":51}},{"start":{"line":89,"column":51},"end":{"line":89,"column":null}}]},"4":{"loc":{"start":{"line":165,"column":9},"end":{"line":165,"column":null}},"type":"cond-expr","locations":[{"start":{"line":165,"column":21},"end":{"line":165,"column":40}},{"start":{"line":165,"column":40},"end":{"line":165,"column":null}}]}},"s":{"0":1,"1":3,"2":1,"3":17,"4":17,"5":17,"6":17,"7":17,"8":3,"9":3,"10":6,"11":6,"12":0,"13":6,"14":3,"15":3,"16":2,"17":0,"18":1,"19":1,"20":1,"21":1,"22":1,"23":1,"24":17,"25":1,"26":17,"27":1,"28":3,"29":17,"30":2,"31":2,"32":2,"33":17,"34":2,"35":3,"36":35,"37":1,"38":1,"39":1},"f":{"0":3,"1":17,"2":3,"3":6,"4":0,"5":1,"6":1,"7":1,"8":3,"9":2,"10":2,"11":3,"12":35,"13":1,"14":1,"15":1},"b":{"0":[3,0],"1":[0,6],"2":[1,0],"3":[1,1],"4":[1,16]}}
,"C:/Users/sueho/Documents/COMP4/frontend/src/components/LoadingSpinner.tsx": {"path":"C:/Users/sueho/Documents/COMP4/frontend/src/components/LoadingSpinner.tsx","statementMap":{"0":{"start":{"line":1,"column":30},"end":{"line":4,"column":null}},"1":{"start":{"line":2,"column":2},"end":{"line":4,"column":null}}},"fnMap":{"0":{"name":"(anonymous_0)","decl":{"start":{"line":1,"column":30},"end":{"line":1,"column":null}},"loc":{"start":{"line":2,"column":2},"end":{"line":4,"column":null}}}},"branchMap":{},"s":{"0":0,"1":0},"f":{"0":0},"b":{}}
,"C:/Users/sueho/Documents/COMP4/frontend/src/components/ResultCard.tsx": {"path":"C:/Users/sueho/Documents/COMP4/frontend/src/components/ResultCard.tsx","statementMap":{"0":{"start":{"line":5,"column":15},"end":{"line":5,"column":null}},"1":{"start":{"line":11,"column":26},"end":{"line":132,"column":null}},"2":{"start":{"line":12,"column":36},"end":{"line":12,"column":null}},"3":{"start":{"line":15,"column":26},"end":{"line":17,"column":null}},"4":{"start":{"line":16,"column":4},"end":{"line":16,"column":null}},"5":{"start":{"line":19,"column":25},"end":{"line":22,"column":null}},"6":{"start":{"line":20,"column":21},"end":{"line":20,"column":null}},"7":{"start":{"line":21,"column":4},"end":{"line":21,"column":null}},"8":{"start":{"line":24,"column":18},"end":{"line":29,"column":null}},"9":{"start":{"line":31,"column":18},"end":{"line":37,"column":null}},"10":{"start":{"line":39,"column":2},"end":{"line":130,"column":null}},"11":{"start":{"line":48,"column":27},"end":{"line":48,"column":null}},"12":{"start":{"line":56,"column":27},"end":{"line":56,"column":null}},"13":{"start":{"line":91,"column":14},"end":{"line":93,"column":null}},"14":{"start":{"line":112,"column":16},"end":{"line":112,"column":null}},"15":{"start":{"line":124,"column":16},"end":{"line":124,"column":null}}},"fnMap":{"0":{"name":"(anonymous_0)","decl":{"start":{"line":11,"column":26},"end":{"line":11,"column":27}},"loc":{"start":{"line":11,"column":49},"end":{"line":132,"column":null}}},"1":{"name":"(anonymous_1)","decl":{"start":{"line":15,"column":26},"end":{"line":15,"column":27}},"loc":{"start":{"line":15,"column":65},"end":{"line":17,"column":null}}},"2":{"name":"(anonymous_2)","decl":{"start":{"line":19,"column":25},"end":{"line":19,"column":26}},"loc":{"start":{"line":19,"column":52},"end":{"line":22,"column":null}}},"3":{"name":"(anonymous_3)","decl":{"start":{"line":48,"column":21},"end":{"line":48,"column":27}},"loc":{"start":{"line":48,"column":27},"end":{"line":48,"column":null}}},"4":{"name":"(anonymous_4)","decl":{"start":{"line":56,"column":21},"end":{"line":56,"column":27}},"loc":{"start":{"line":56,"column":27},"end":{"line":56,"column":null}}},"5":{"name":"(anonymous_5)","decl":{"start":{"line":90,"column":33},"end":{"line":90,"column":34}},"loc":{"start":{"line":91,"column":14},"end":{"line":93,"column":null}}},"6":{"name":"(anonymous_6)","decl":{"start":{"line":111,"column":27},"end":{"line":111,"column":28}},"loc":{"start":{"line":112,"column":16},"end":{"line":112,"column":null}}},"7":{"name":"(anonymous_7)","decl":{"start":{"line":123,"column":27},"end":{"line":123,"column":28}},"loc":{"start":{"line":124,"column":16},"end":{"line":124,"column":null}}}},"branchMap":{"0":{"loc":{"start":{"line":16,"column":11},"end":{"line":16,"column":null}},"type":"cond-expr","locations":[{"start":{"line":16,"column":56},"end":{"line":16,"column":64}},{"start":{"line":16,"column":64},"end":{"line":16,"column":null}}]},"1":{"loc":{"start":{"line":16,"column":11},"end":{"line":16,"column":56}},"type":"binary-expr","locations":[{"start":{"line":16,"column":11},"end":{"line":16,"column":40}},{"start":{"line":16,"column":40},"end":{"line":16,"column":56}}]},"2":{"loc":{"start":{"line":21,"column":11},"end":{"line":21,"column":null}},"type":"cond-expr","locations":[{"start":{"line":21,"column":23},"end":{"line":21,"column":58}},{"start":{"line":21,"column":58},"end":{"line":21,"column":null}}]},"3":{"loc":{"start":{"line":46,"column":14},"end":{"line":46,"column":null}},"type":"cond-expr","locations":[{"start":{"line":46,"column":36},"end":{"line":46,"column":63}},{"start":{"line":46,"column":63},"end":{"line":46,"column":null}}]},"4":{"loc":{"start":{"line":54,"column":14},"end":{"line":54,"column":null}},"type":"cond-expr","locations":[{"start":{"line":54,"column":36},"end":{"line":54,"column":63}},{"start":{"line":54,"column":63},"end":{"line":54,"column":null}}]},"5":{"loc":{"start":{"line":86,"column":7},"end":{"line":96,"column":null}},"type":"binary-expr","locations":[{"start":{"line":86,"column":7},"end":{"line":86,"column":null}},{"start":{"line":87,"column":8},"end":{"line":96,"column":null}}]},"6":{"loc":{"start":{"line":100,"column":9},"end":{"line":127,"column":null}},"type":"cond-expr","locations":[{"start":{"line":101,"column":10},"end":{"line":116,"column":null}},{"start":{"line":118,"column":10},"end":{"line":127,"column":null}}]}},"s":{"0":1,"1":1,"2":20,"3":20,"4":280,"5":20,"6":80,"7":80,"8":20,"9":20,"10":20,"11":1,"12":5,"13":2,"14":60,"15":25},"f":{"0":20,"1":280,"2":80,"3":1,"4":5,"5":2,"6":60,"7":25},"b":{"0":[274,6],"1":[280,274],"2":[1,79],"3":[15,5],"4":[5,15],"5":[20,1],"6":[15,5]}}
,"C:/Users/sueho/Documents/COMP4/frontend/src/hooks/useCalculate.ts": {"path":"C:/Users/sueho/Documents/COMP4/frontend/src/hooks/useCalculate.ts","statementMap":{"0":{"start":{"line":8,"column":28},"end":{"line":12,"column":null}},"1":{"start":{"line":9,"column":2},"end":{"line":11,"column":null}}},"fnMap":{"0":{"name":"(anonymous_0)","decl":{"start":{"line":8,"column":28},"end":{"line":8,"column":34}},"loc":{"start":{"line":8,"column":34},"end":{"line":12,"column":null}}}},"branchMap":{},"s":{"0":0,"1":0},"f":{"0":0},"b":{}}
}
